<?xml version="1.0" encoding="UTF-8"?>
<!-- Generated by org.testng.reporters.JUnitReportReporter -->
<testsuite skipped="0" hostname="Jahed-HP" name="pack0.TestCases" tests="4" failures="0" timestamp="05 Jun 2018 05:40:58 GMT" time="0.021" errors="0">
  <testcase name="TC4" time="0.002" classname="pack0.TestCases"/>
  <testcase name="TC3" time="0.001" classname="pack0.TestCases"/>
  <testcase name="TC1" time="0.016" classname="pack0.TestCases"/>
  <testcase name="TC2" time="0.002" classname="pack0.TestCases"/>
</testsuite> <!-- pack0.TestCases -->
