<?xml version="1.0" encoding="UTF-8"?>
<!-- Generated by org.testng.reporters.JUnitReportReporter -->
<testsuite skipped="0" hostname="Jahed-HP" name="pack0.TestCases2" tests="4" failures="0" timestamp="05 Jun 2018 05:40:58 GMT" time="0.009" errors="0">
  <testcase name="TC8" time="0.002" classname="pack0.TestCases2"/>
  <testcase name="TC6" time="0.002" classname="pack0.TestCases2"/>
  <testcase name="TC7" time="0.003" classname="pack0.TestCases2"/>
  <testcase name="TC5" time="0.002" classname="pack0.TestCases2"/>
</testsuite> <!-- pack0.TestCases2 -->
